{"/home/ryan/.openclaw/workspace/masn-repo/src/components/eyeTracking/EyeTrackingManager.ts": {"path":"/home/ryan/.openclaw/workspace/masn-repo/src/components/eyeTracking/EyeTrackingManager.ts","statementMap":{"0":{"start":{"line":9,"column":35},"end":{"line":9,"column":40}},"1":{"start":{"line":10,"column":35},"end":{"line":10,"column":40}},"2":{"start":{"line":11,"column":50},"end":{"line":11,"column":52}},"3":{"start":{"line":14,"column":4},"end":{"line":14,"column":30}},"4":{"start":{"line":21,"column":4},"end":{"line":38,"column":5}},"5":{"start":{"line":22,"column":6},"end":{"line":25,"column":7}},"6":{"start":{"line":23,"column":8},"end":{"line":23,"column":66}},"7":{"start":{"line":24,"column":8},"end":{"line":24,"column":20}},"8":{"start":{"line":27,"column":6},"end":{"line":29,"column":17}},"9":{"start":{"line":31,"column":6},"end":{"line":31,"column":32}},"10":{"start":{"line":32,"column":6},"end":{"line":32,"column":65}},"11":{"start":{"line":33,"column":6},"end":{"line":33,"column":18}},"12":{"start":{"line":35,"column":6},"end":{"line":35,"column":71}},"13":{"start":{"line":36,"column":6},"end":{"line":36,"column":30}},"14":{"start":{"line":37,"column":6},"end":{"line":37,"column":19}},"15":{"start":{"line":45,"column":4},"end":{"line":67,"column":5}},"16":{"start":{"line":46,"column":6},"end":{"line":48,"column":7}},"17":{"start":{"line":47,"column":8},"end":{"line":47,"column":85}},"18":{"start":{"line":50,"column":6},"end":{"line":53,"column":7}},"19":{"start":{"line":51,"column":8},"end":{"line":51,"column":59}},"20":{"start":{"line":52,"column":8},"end":{"line":52,"column":21}},"21":{"start":{"line":55,"column":6},"end":{"line":55,"column":32}},"22":{"start":{"line":56,"column":6},"end":{"line":56,"column":38}},"23":{"start":{"line":59,"column":6},"end":{"line":59,"column":33}},"24":{"start":{"line":61,"column":6},"end":{"line":61,"column":71}},"25":{"start":{"line":62,"column":6},"end":{"line":62,"column":18}},"26":{"start":{"line":64,"column":6},"end":{"line":64,"column":59}},"27":{"start":{"line":65,"column":6},"end":{"line":65,"column":30}},"28":{"start":{"line":66,"column":6},"end":{"line":66,"column":19}},"29":{"start":{"line":74,"column":4},"end":{"line":84,"column":5}},"30":{"start":{"line":75,"column":6},"end":{"line":77,"column":7}},"31":{"start":{"line":76,"column":8},"end":{"line":76,"column":60}},"32":{"start":{"line":79,"column":6},"end":{"line":79,"column":57}},"33":{"start":{"line":80,"column":6},"end":{"line":80,"column":56}},"34":{"start":{"line":82,"column":6},"end":{"line":82,"column":63}},"35":{"start":{"line":83,"column":6},"end":{"line":83,"column":30}},"36":{"start":{"line":91,"column":4},"end":{"line":106,"column":5}},"37":{"start":{"line":92,"column":6},"end":{"line":95,"column":7}},"38":{"start":{"line":93,"column":8},"end":{"line":93,"column":51}},"39":{"start":{"line":94,"column":8},"end":{"line":94,"column":21}},"40":{"start":{"line":97,"column":6},"end":{"line":97,"column":33}},"41":{"start":{"line":98,"column":6},"end":{"line":98,"column":34}},"42":{"start":{"line":100,"column":6},"end":{"line":100,"column":43}},"43":{"start":{"line":101,"column":6},"end":{"line":101,"column":18}},"44":{"start":{"line":103,"column":6},"end":{"line":103,"column":57}},"45":{"start":{"line":104,"column":6},"end":{"line":104,"column":30}},"46":{"start":{"line":105,"column":6},"end":{"line":105,"column":19}},"47":{"start":{"line":113,"column":4},"end":{"line":131,"column":5}},"48":{"start":{"line":114,"column":6},"end":{"line":116,"column":7}},"49":{"start":{"line":115,"column":8},"end":{"line":115,"column":66}},"50":{"start":{"line":118,"column":25},"end":{"line":118,"column":62}},"51":{"start":{"line":119,"column":6},"end":{"line":121,"column":7}},"52":{"start":{"line":120,"column":8},"end":{"line":120,"column":20}},"53":{"start":{"line":123,"column":6},"end":{"line":126,"column":8}},"54":{"start":{"line":128,"column":6},"end":{"line":128,"column":61}},"55":{"start":{"line":129,"column":6},"end":{"line":129,"column":30}},"56":{"start":{"line":130,"column":6},"end":{"line":130,"column":18}},"57":{"start":{"line":138,"column":4},"end":{"line":150,"column":5}},"58":{"start":{"line":139,"column":6},"end":{"line":141,"column":7}},"59":{"start":{"line":140,"column":8},"end":{"line":140,"column":15}},"60":{"start":{"line":143,"column":6},"end":{"line":143,"column":27}},"61":{"start":{"line":144,"column":6},"end":{"line":144,"column":33}},"62":{"start":{"line":145,"column":6},"end":{"line":145,"column":33}},"63":{"start":{"line":146,"column":6},"end":{"line":146,"column":63}},"64":{"start":{"line":148,"column":6},"end":{"line":148,"column":69}},"65":{"start":{"line":149,"column":6},"end":{"line":149,"column":30}},"66":{"start":{"line":155,"column":4},"end":{"line":158,"column":7}},"67":{"start":{"line":156,"column":6},"end":{"line":156,"column":46}},"68":{"start":{"line":157,"column":6},"end":{"line":157,"column":30}},"69":{"start":{"line":167,"column":4},"end":{"line":171,"column":7}}},"fnMap":{"0":{"name":"(anonymous_0)","decl":{"start":{"line":13,"column":2},"end":{"line":13,"column":3}},"loc":{"start":{"line":13,"column":16},"end":{"line":15,"column":3}},"line":13},"1":{"name":"(anonymous_1)","decl":{"start":{"line":20,"column":2},"end":{"line":20,"column":3}},"loc":{"start":{"line":20,"column":46},"end":{"line":39,"column":3}},"line":20},"2":{"name":"(anonymous_2)","decl":{"start":{"line":44,"column":2},"end":{"line":44,"column":3}},"loc":{"start":{"line":44,"column":78},"end":{"line":68,"column":3}},"line":44},"3":{"name":"(anonymous_3)","decl":{"start":{"line":73,"column":2},"end":{"line":73,"column":3}},"loc":{"start":{"line":73,"column":72},"end":{"line":85,"column":3}},"line":73},"4":{"name":"(anonymous_4)","decl":{"start":{"line":90,"column":2},"end":{"line":90,"column":3}},"loc":{"start":{"line":90,"column":50},"end":{"line":107,"column":3}},"line":90},"5":{"name":"(anonymous_5)","decl":{"start":{"line":112,"column":2},"end":{"line":112,"column":3}},"loc":{"start":{"line":112,"column":77},"end":{"line":132,"column":3}},"line":112},"6":{"name":"(anonymous_6)","decl":{"start":{"line":137,"column":2},"end":{"line":137,"column":3}},"loc":{"start":{"line":137,"column":41},"end":{"line":151,"column":3}},"line":137},"7":{"name":"(anonymous_7)","decl":{"start":{"line":153,"column":2},"end":{"line":153,"column":3}},"loc":{"start":{"line":153,"column":37},"end":{"line":159,"column":3}},"line":153},"8":{"name":"(anonymous_8)","decl":{"start":{"line":155,"column":45},"end":{"line":155,"column":46}},"loc":{"start":{"line":155,"column":56},"end":{"line":158,"column":5}},"line":155},"9":{"name":"(anonymous_9)","decl":{"start":{"line":161,"column":2},"end":{"line":161,"column":3}},"loc":{"start":{"line":161,"column":40},"end":{"line":172,"column":3}},"line":161}},"branchMap":{"0":{"loc":{"start":{"line":22,"column":6},"end":{"line":25,"column":7}},"type":"if","locations":[{"start":{"line":22,"column":6},"end":{"line":25,"column":7}},{"start":{},"end":{}}],"line":22},"1":{"loc":{"start":{"line":46,"column":6},"end":{"line":48,"column":7}},"type":"if","locations":[{"start":{"line":46,"column":6},"end":{"line":48,"column":7}},{"start":{},"end":{}}],"line":46},"2":{"loc":{"start":{"line":50,"column":6},"end":{"line":53,"column":7}},"type":"if","locations":[{"start":{"line":50,"column":6},"end":{"line":53,"column":7}},{"start":{},"end":{}}],"line":50},"3":{"loc":{"start":{"line":75,"column":6},"end":{"line":77,"column":7}},"type":"if","locations":[{"start":{"line":75,"column":6},"end":{"line":77,"column":7}},{"start":{},"end":{}}],"line":75},"4":{"loc":{"start":{"line":92,"column":6},"end":{"line":95,"column":7}},"type":"if","locations":[{"start":{"line":92,"column":6},"end":{"line":95,"column":7}},{"start":{},"end":{}}],"line":92},"5":{"loc":{"start":{"line":114,"column":6},"end":{"line":116,"column":7}},"type":"if","locations":[{"start":{"line":114,"column":6},"end":{"line":116,"column":7}},{"start":{},"end":{}}],"line":114},"6":{"loc":{"start":{"line":119,"column":6},"end":{"line":121,"column":7}},"type":"if","locations":[{"start":{"line":119,"column":6},"end":{"line":121,"column":7}},{"start":{},"end":{}}],"line":119},"7":{"loc":{"start":{"line":139,"column":6},"end":{"line":141,"column":7}},"type":"if","locations":[{"start":{"line":139,"column":6},"end":{"line":141,"column":7}},{"start":{},"end":{}}],"line":139},"8":{"loc":{"start":{"line":168,"column":15},"end":{"line":168,"column":47}},"type":"binary-expr","locations":[{"start":{"line":168,"column":15},"end":{"line":168,"column":28}},{"start":{"line":168,"column":32},"end":{"line":168,"column":47}}],"line":168}},"s":{"0":0,"1":0,"2":0,"3":0,"4":0,"5":0,"6":0,"7":0,"8":0,"9":0,"10":0,"11":0,"12":0,"13":0,"14":0,"15":0,"16":0,"17":0,"18":0,"19":0,"20":0,"21":0,"22":0,"23":0,"24":0,"25":0,"26":0,"27":0,"28":0,"29":0,"30":0,"31":0,"32":0,"33":0,"34":0,"35":0,"36":0,"37":0,"38":0,"39":0,"40":0,"41":0,"42":0,"43":0,"44":0,"45":0,"46":0,"47":0,"48":0,"49":0,"50":0,"51":0,"52":0,"53":0,"54":0,"55":0,"56":0,"57":0,"58":0,"59":0,"60":0,"61":0,"62":0,"63":0,"64":0,"65":0,"66":0,"67":0,"68":0,"69":0},"f":{"0":0,"1":0,"2":0,"3":0,"4":0,"5":0,"6":0,"7":0,"8":0,"9":0},"b":{"0":[0,0],"1":[0,0],"2":[0,0],"3":[0,0],"4":[0,0],"5":[0,0],"6":[0,0],"7":[0,0],"8":[0,0]}}
,"/home/ryan/.openclaw/workspace/masn-repo/src/components/eyeTracking/calibration/CalibrationPoint.tsx": {"path":"/home/ryan/.openclaw/workspace/masn-repo/src/components/eyeTracking/calibration/CalibrationPoint.tsx","statementMap":{"0":{"start":{"line":10,"column":58},"end":{"line":63,"column":1}},"1":{"start":{"line":11,"column":40},"end":{"line":11,"column":54}},"2":{"start":{"line":12,"column":34},"end":{"line":12,"column":45}},"3":{"start":{"line":13,"column":29},"end":{"line":13,"column":33}},"4":{"start":{"line":14,"column":29},"end":{"line":14,"column":33}},"5":{"start":{"line":16,"column":2},"end":{"line":23,"column":9}},"6":{"start":{"line":18,"column":27},"end":{"line":20,"column":26}},"7":{"start":{"line":19,"column":6},"end":{"line":19,"column":28}},"8":{"start":{"line":22,"column":4},"end":{"line":22,"column":46}},"9":{"start":{"line":22,"column":17},"end":{"line":22,"column":45}},"10":{"start":{"line":25,"column":2},"end":{"line":41,"column":34}},"11":{"start":{"line":27,"column":25},"end":{"line":38,"column":11}},"12":{"start":{"line":28,"column":6},"end":{"line":37,"column":7}},"13":{"start":{"line":29,"column":8},"end":{"line":36,"column":11}},"14":{"start":{"line":30,"column":26},"end":{"line":30,"column":36}},"15":{"start":{"line":31,"column":10},"end":{"line":34,"column":11}},"16":{"start":{"line":32,"column":12},"end":{"line":32,"column":40}},"17":{"start":{"line":33,"column":12},"end":{"line":33,"column":27}},"18":{"start":{"line":35,"column":10},"end":{"line":35,"column":25}},"19":{"start":{"line":40,"column":4},"end":{"line":40,"column":45}},"20":{"start":{"line":40,"column":17},"end":{"line":40,"column":44}},"21":{"start":{"line":43,"column":21},"end":{"line":46,"column":3}},"22":{"start":{"line":48,"column":26},"end":{"line":48,"column":63}},"23":{"start":{"line":50,"column":2},"end":{"line":62,"column":4}}},"fnMap":{"0":{"name":"(anonymous_0)","decl":{"start":{"line":10,"column":58},"end":{"line":10,"column":59}},"loc":{"start":{"line":10,"column":86},"end":{"line":63,"column":1}},"line":10},"1":{"name":"(anonymous_1)","decl":{"start":{"line":16,"column":12},"end":{"line":16,"column":13}},"loc":{"start":{"line":16,"column":18},"end":{"line":23,"column":3}},"line":16},"2":{"name":"(anonymous_2)","decl":{"start":{"line":18,"column":38},"end":{"line":18,"column":39}},"loc":{"start":{"line":18,"column":44},"end":{"line":20,"column":5}},"line":18},"3":{"name":"(anonymous_3)","decl":{"start":{"line":22,"column":11},"end":{"line":22,"column":12}},"loc":{"start":{"line":22,"column":17},"end":{"line":22,"column":45}},"line":22},"4":{"name":"(anonymous_4)","decl":{"start":{"line":25,"column":12},"end":{"line":25,"column":13}},"loc":{"start":{"line":25,"column":18},"end":{"line":41,"column":3}},"line":25},"5":{"name":"(anonymous_5)","decl":{"start":{"line":27,"column":37},"end":{"line":27,"column":38}},"loc":{"start":{"line":27,"column":43},"end":{"line":38,"column":5}},"line":27},"6":{"name":"(anonymous_6)","decl":{"start":{"line":29,"column":20},"end":{"line":29,"column":21}},"loc":{"start":{"line":29,"column":28},"end":{"line":36,"column":9}},"line":29},"7":{"name":"(anonymous_7)","decl":{"start":{"line":40,"column":11},"end":{"line":40,"column":12}},"loc":{"start":{"line":40,"column":17},"end":{"line":40,"column":44}},"line":40}},"branchMap":{"0":{"loc":{"start":{"line":28,"column":6},"end":{"line":37,"column":7}},"type":"if","locations":[{"start":{"line":28,"column":6},"end":{"line":37,"column":7}},{"start":{},"end":{}}],"line":28},"1":{"loc":{"start":{"line":31,"column":10},"end":{"line":34,"column":11}},"type":"if","locations":[{"start":{"line":31,"column":10},"end":{"line":34,"column":11}},{"start":{},"end":{}}],"line":31},"2":{"loc":{"start":{"line":52,"column":36},"end":{"line":52,"column":69}},"type":"cond-expr","locations":[{"start":{"line":52,"column":50},"end":{"line":52,"column":64}},{"start":{"line":52,"column":67},"end":{"line":52,"column":69}}],"line":52}},"s":{"0":0,"1":0,"2":0,"3":0,"4":0,"5":0,"6":0,"7":0,"8":0,"9":0,"10":0,"11":0,"12":0,"13":0,"14":0,"15":0,"16":0,"17":0,"18":0,"19":0,"20":0,"21":0,"22":0,"23":0},"f":{"0":0,"1":0,"2":0,"3":0,"4":0,"5":0,"6":0,"7":0},"b":{"0":[0,0],"1":[0,0],"2":[0,0]}}
,"/home/ryan/.openclaw/workspace/masn-repo/src/components/eyeTracking/calibration/CalibrationUI.tsx": {"path":"/home/ryan/.openclaw/workspace/masn-repo/src/components/eyeTracking/calibration/CalibrationUI.tsx","statementMap":{"0":{"start":{"line":10,"column":52},"end":{"line":76,"column":1}},"1":{"start":{"line":11,"column":42},"end":{"line":11,"column":61}},"2":{"start":{"line":12,"column":52},"end":{"line":12,"column":88}},"3":{"start":{"line":13,"column":34},"end":{"line":13,"column":54}},"4":{"start":{"line":16,"column":28},"end":{"line":22,"column":3}},"5":{"start":{"line":24,"column":2},"end":{"line":29,"column":21}},"6":{"start":{"line":25,"column":4},"end":{"line":28,"column":5}},"7":{"start":{"line":26,"column":6},"end":{"line":26,"column":39}},"8":{"start":{"line":27,"column":6},"end":{"line":27,"column":34}},"9":{"start":{"line":31,"column":32},"end":{"line":37,"column":3}},"10":{"start":{"line":32,"column":4},"end":{"line":32,"column":50}},"11":{"start":{"line":33,"column":4},"end":{"line":36,"column":13}},"12":{"start":{"line":34,"column":6},"end":{"line":34,"column":40}},"13":{"start":{"line":34,"column":30},"end":{"line":34,"column":38}},"14":{"start":{"line":35,"column":6},"end":{"line":35,"column":22}},"15":{"start":{"line":39,"column":27},"end":{"line":43,"column":3}},"16":{"start":{"line":40,"column":4},"end":{"line":40,"column":40}},"17":{"start":{"line":41,"column":4},"end":{"line":41,"column":23}},"18":{"start":{"line":42,"column":4},"end":{"line":42,"column":59}},"19":{"start":{"line":45,"column":2},"end":{"line":55,"column":3}},"20":{"start":{"line":46,"column":4},"end":{"line":54,"column":6}},"21":{"start":{"line":57,"column":2},"end":{"line":75,"column":4}}},"fnMap":{"0":{"name":"(anonymous_0)","decl":{"start":{"line":10,"column":52},"end":{"line":10,"column":53}},"loc":{"start":{"line":10,"column":83},"end":{"line":76,"column":1}},"line":10},"1":{"name":"(anonymous_1)","decl":{"start":{"line":24,"column":12},"end":{"line":24,"column":13}},"loc":{"start":{"line":24,"column":18},"end":{"line":29,"column":3}},"line":24},"2":{"name":"(anonymous_2)","decl":{"start":{"line":31,"column":32},"end":{"line":31,"column":33}},"loc":{"start":{"line":31,"column":38},"end":{"line":37,"column":3}},"line":31},"3":{"name":"(anonymous_3)","decl":{"start":{"line":33,"column":15},"end":{"line":33,"column":16}},"loc":{"start":{"line":33,"column":21},"end":{"line":36,"column":5}},"line":33},"4":{"name":"(anonymous_4)","decl":{"start":{"line":34,"column":22},"end":{"line":34,"column":23}},"loc":{"start":{"line":34,"column":30},"end":{"line":34,"column":38}},"line":34},"5":{"name":"(anonymous_5)","decl":{"start":{"line":39,"column":27},"end":{"line":39,"column":28}},"loc":{"start":{"line":39,"column":33},"end":{"line":43,"column":3}},"line":39}},"branchMap":{"0":{"loc":{"start":{"line":25,"column":4},"end":{"line":28,"column":5}},"type":"if","locations":[{"start":{"line":25,"column":4},"end":{"line":28,"column":5}},{"start":{},"end":{}}],"line":25},"1":{"loc":{"start":{"line":45,"column":2},"end":{"line":55,"column":3}},"type":"if","locations":[{"start":{"line":45,"column":2},"end":{"line":55,"column":3}},{"start":{},"end":{}}],"line":45},"2":{"loc":{"start":{"line":59,"column":7},"end":{"line":73,"column":7}},"type":"binary-expr","locations":[{"start":{"line":59,"column":7},"end":{"line":59,"column":42}},{"start":{"line":59,"column":46},"end":{"line":59,"column":85}},{"start":{"line":60,"column":8},"end":{"line":72,"column":11}}],"line":59}},"s":{"0":0,"1":0,"2":0,"3":0,"4":0,"5":0,"6":0,"7":0,"8":0,"9":0,"10":0,"11":0,"12":0,"13":0,"14":0,"15":0,"16":0,"17":0,"18":0,"19":0,"20":0,"21":0},"f":{"0":0,"1":0,"2":0,"3":0,"4":0,"5":0},"b":{"0":[0,0],"1":[0,0],"2":[0,0,0]}}
,"/home/ryan/.openclaw/workspace/masn-repo/src/components/eyeTracking/calibration/types.ts": {"path":"/home/ryan/.openclaw/workspace/masn-repo/src/components/eyeTracking/calibration/types.ts","statementMap":{},"fnMap":{},"branchMap":{},"s":{},"f":{},"b":{}}
}
